# JRE version: OpenJDK Runtime Environment (11.0.10) (build 11.0.10+0-b96-7249189)
# Java VM: OpenJDK 64-Bit Server VM (11.0.10+0-b96-7249189, mixed mode, tiered, compressed oops, g1 gc, windows-amd64)
Heap:
 garbage-first heap   total 205824K, used 124459K [0x0000000080000000, 0x0000000100000000)
  region size 1024K, 7 young (7168K), 3 survivors (3072K)
 Metaspace       used 116640K, capacity 119457K, committed 119628K, reserved 1153024K
  class space    used 14565K, capacity 15607K, committed 15744K, reserved 1048576K
GC Heap History (20 events):
Event: 216.120 GC heap after
{Heap after GC invocations=101 (full 0):
 garbage-first heap   total 165888K, used 103751K [0x0000000080000000, 0x0000000100000000)
  region size 1024K, 1 young (1024K), 1 survivors (1024K)
 Metaspace       used 116203K, capacity 118919K, committed 118988K, reserved 1153024K
  class space    used 14540K, capacity 15567K, committed 15616K, reserved 1048576K
}
Event: 226.179 GC heap before
{Heap before GC invocations=101 (full 0):
 garbage-first heap   total 165888K, used 139591K [0x0000000080000000, 0x0000000100000000)
  region size 1024K, 36 young (36864K), 1 survivors (1024K)
 Metaspace       used 116298K, capacity 119083K, committed 119372K, reserved 1153024K
  class space    used 14550K, capacity 15599K, committed 15744K, reserved 1048576K
}
Event: 226.193 GC heap after
{Heap after GC invocations=102 (full 0):
 garbage-first heap   total 165888K, used 104135K [0x0000000080000000, 0x0000000100000000)
  region size 1024K, 1 young (1024K), 1 survivors (1024K)
 Metaspace       used 116298K, capacity 119083K, committed 119372K, reserved 1153024K
  class space    used 14550K, capacity 15599K, committed 15744K, reserved 1048576K
}
Event: 231.719 GC heap before
{Heap before GC invocations=103 (full 0):
 garbage-first heap   total 165888K, used 142023K [0x0000000080000000, 0x0000000100000000)
  region size 1024K, 37 young (37888K), 1 survivors (1024K)
 Metaspace       used 116366K, capacity 119151K, committed 119372K, reserved 1153024K
  class space    used 14550K, capacity 15599K, committed 15744K, reserved 1048576K
}
Event: 231.733 GC heap after
{Heap after GC invocations=104 (full 0):
 garbage-first heap   total 165888K, used 109092K [0x0000000080000000, 0x0000000100000000)
  region size 1024K, 5 young (5120K), 5 survivors (5120K)
 Metaspace       used 116366K, capacity 119151K, committed 119372K, reserved 1153024K
  class space    used 14550K, capacity 15599K, committed 15744K, reserved 1048576K
}
Event: 231.979 GC heap before
{Heap before GC invocations=104 (full 0):
 garbage-first heap   total 165888K, used 112164K [0x0000000080000000, 0x0000000100000000)
  region size 1024K, 8 young (8192K), 5 survivors (5120K)
 Metaspace       used 116366K, capacity 119151K, committed 119372K, reserved 1153024K
  class space    used 14550K, capacity 15599K, committed 15744K, reserved 1048576K
}
Event: 232.004 GC heap after
{Heap after GC invocations=105 (full 0):
 garbage-first heap   total 165888K, used 103172K [0x0000000080000000, 0x0000000100000000)
  region size 1024K, 1 young (1024K), 1 survivors (1024K)
 Metaspace       used 116366K, capacity 119151K, committed 119372K, reserved 1153024K
  class space    used 14550K, capacity 15599K, committed 15744K, reserved 1048576K
}
Event: 236.950 GC heap before
{Heap before GC invocations=105 (full 0):
 garbage-first heap   total 165888K, used 137988K [0x0000000080000000, 0x0000000100000000)
  region size 1024K, 35 young (35840K), 1 survivors (1024K)
 Metaspace       used 116424K, capacity 119226K, committed 119372K, reserved 1153024K
  class space    used 14550K, capacity 15600K, committed 15744K, reserved 1048576K
}
Event: 236.980 GC heap after
{Heap after GC invocations=106 (full 0):
 garbage-first heap   total 165888K, used 107581K [0x0000000080000000, 0x0000000100000000)
  region size 1024K, 5 young (5120K), 5 survivors (5120K)
 Metaspace       used 116424K, capacity 119226K, committed 119372K, reserved 1153024K
  class space    used 14550K, capacity 15600K, committed 15744K, reserved 1048576K
}
Event: 238.199 GC heap before
{Heap before GC invocations=106 (full 0):
 garbage-first heap   total 165888K, used 138301K [0x0000000080000000, 0x0000000100000000)
  region size 1024K, 35 young (35840K), 5 survivors (5120K)
 Metaspace       used 116443K, capacity 119228K, committed 119372K, reserved 1153024K
  class space    used 14550K, capacity 15600K, committed 15744K, reserved 1048576K
}
Event: 238.369 GC heap after
{Heap after GC invocations=107 (full 0):
 garbage-first heap   total 165888K, used 110389K [0x0000000080000000, 0x0000000100000000)
  region size 1024K, 4 young (4096K), 4 survivors (4096K)
 Metaspace       used 116443K, capacity 119228K, committed 119372K, reserved 1153024K
  class space    used 14550K, capacity 15600K, committed 15744K, reserved 1048576K
}
Event: 242.192 GC heap before
{Heap before GC invocations=107 (full 0):
 garbage-first heap   total 165888K, used 139061K [0x0000000080000000, 0x0000000100000000)
  region size 1024K, 32 young (32768K), 4 survivors (4096K)
 Metaspace       used 116458K, capacity 119232K, committed 119628K, reserved 1153024K
  class space    used 14550K, capacity 15600K, committed 15744K, reserved 1048576K
}
Event: 242.243 GC heap after
{Heap after GC invocations=108 (full 0):
 garbage-first heap   total 205824K, used 114175K [0x0000000080000000, 0x0000000100000000)
  region size 1024K, 4 young (4096K), 4 survivors (4096K)
 Metaspace       used 116458K, capacity 119232K, committed 119628K, reserved 1153024K
  class space    used 14550K, capacity 15600K, committed 15744K, reserved 1048576K
}
Event: 247.446 GC heap before
{Heap before GC invocations=109 (full 0):
 garbage-first heap   total 205824K, used 155135K [0x0000000080000000, 0x0000000100000000)
  region size 1024K, 44 young (45056K), 4 survivors (4096K)
 Metaspace       used 116501K, capacity 119303K, committed 119628K, reserved 1153024K
  class space    used 14551K, capacity 15600K, committed 15744K, reserved 1048576K
}
Event: 247.503 GC heap after
{Heap after GC invocations=110 (full 0):
 garbage-first heap   total 205824K, used 119464K [0x0000000080000000, 0x0000000100000000)
  region size 1024K, 5 young (5120K), 5 survivors (5120K)
 Metaspace       used 116501K, capacity 119303K, committed 119628K, reserved 1153024K
  class space    used 14551K, capacity 15600K, committed 15744K, reserved 1048576K
}
Event: 249.542 GC heap before
{Heap before GC invocations=110 (full 0):
 garbage-first heap   total 205824K, used 159400K [0x0000000080000000, 0x0000000100000000)
  region size 1024K, 44 young (45056K), 5 survivors (5120K)
 Metaspace       used 116588K, capacity 119391K, committed 119628K, reserved 1153024K
  class space    used 14565K, capacity 15607K, committed 15744K, reserved 1048576K
}
Event: 249.580 GC heap after
{Heap after GC invocations=111 (full 0):
 garbage-first heap   total 205824K, used 120634K [0x0000000080000000, 0x0000000100000000)
  region size 1024K, 2 young (2048K), 2 survivors (2048K)
 Metaspace       used 116588K, capacity 119391K, committed 119628K, reserved 1153024K
  class space    used 14565K, capacity 15607K, committed 15744K, reserved 1048576K
}
Event: 250.639 GC heap before
{Heap before GC invocations=111 (full 0):
 garbage-first heap   total 205824K, used 161594K [0x0000000080000000, 0x0000000100000000)
  region size 1024K, 42 young (43008K), 2 survivors (2048K)
 Metaspace       used 116614K, capacity 119393K, committed 119628K, reserved 1153024K
  class space    used 14565K, capacity 15607K, committed 15744K, reserved 1048576K
}
Event: 250.653 GC heap after
{Heap after GC invocations=112 (full 0):
 garbage-first heap   total 205824K, used 120987K [0x0000000080000000, 0x0000000100000000)
  region size 1024K, 2 young (2048K), 2 survivors (2048K)
 Metaspace       used 116614K, capacity 119393K, committed 119628K, reserved 1153024K
  class space    used 14565K, capacity 15607K, committed 15744K, reserved 1048576K
}
Event: 256.379 GC heap before
{Heap before GC invocations=112 (full 0):
 garbage-first heap   total 205824K, used 163995K [0x0000000080000000, 0x0000000100000000)
  region size 1024K, 44 young (45056K), 2 survivors (2048K)
 Metaspace       used 116640K, capacity 119457K, committed 119628K, reserved 1153024K
  class space    used 14565K, capacity 15607K, committed 15744K, reserved 1048576K
}

